[0.582s] DEBUG:colcon:Command line arguments: ['/usr/bin/colcon', 'build']
[0.583s] DEBUG:colcon:Parsed command line arguments: Namespace(log_base=None, log_level=None, verb_name='build', build_base='build', install_base='install', merge_install=False, symlink_install=False, test_result_base=None, continue_on_error=False, executor='parallel', parallel_workers=2, event_handlers=None, ignore_user_meta=False, metas=['./colcon.meta'], base_paths=['.'], packages_ignore=None, packages_ignore_regex=None, paths=None, packages_up_to=None, packages_up_to_regex=None, packages_above=None, packages_above_and_dependencies=None, packages_above_depth=None, packages_select_by_dep=None, packages_skip_by_dep=None, packages_skip_up_to=None, packages_select_build_failed=False, packages_skip_build_finished=False, packages_select_test_failures=False, packages_skip_test_passed=False, packages_select=None, packages_skip=None, packages_select_regex=None, packages_skip_regex=None, packages_start=None, packages_end=None, allow_overriding=[], cmake_args=None, cmake_target=None, cmake_target_skip_unavailable=False, cmake_clean_cache=False, cmake_clean_first=False, cmake_force_configure=False, ament_cmake_args=None, catkin_cmake_args=None, catkin_skip_building_tests=False, mixin_files=None, mixin=None, verb_parser=<colcon_mixin.mixin.mixin_argument.MixinArgumentDecorator object at 0x73c0c5c638b0>, verb_extension=<colcon_core.verb.build.BuildVerb object at 0x73c0c5c62ef0>, main=<bound method BuildVerb.main of <colcon_core.verb.build.BuildVerb object at 0x73c0c5c62ef0>>, mixin_verb=('build',))
[5.064s] Level 1:colcon.colcon_core.package_discovery:discover_packages(colcon_meta) check parameters
[5.065s] Level 1:colcon.colcon_core.package_discovery:discover_packages(recursive) check parameters
[5.065s] Level 1:colcon.colcon_core.package_discovery:discover_packages(ignore) check parameters
[5.065s] Level 1:colcon.colcon_core.package_discovery:discover_packages(path) check parameters
[5.065s] Level 1:colcon.colcon_core.package_discovery:discover_packages(colcon_meta) discover
[5.066s] Level 1:colcon.colcon_core.package_discovery:discover_packages(recursive) discover
[5.066s] INFO:colcon.colcon_core.package_discovery:Crawling recursively for packages in '/home/prudy/aurora-robotics-core-1.0/ROS2-Rviz'
[5.066s] Level 1:colcon.colcon_core.package_identification:_identify(.) by extensions ['ignore', 'ignore_ament_install']
[5.067s] Level 1:colcon.colcon_core.package_identification:_identify(.) by extension 'ignore'
[5.067s] Level 1:colcon.colcon_core.package_identification:_identify(.) by extension 'ignore_ament_install'
[5.067s] Level 1:colcon.colcon_core.package_identification:_identify(.) by extensions ['colcon_pkg']
[5.067s] Level 1:colcon.colcon_core.package_identification:_identify(.) by extension 'colcon_pkg'
[5.067s] Level 1:colcon.colcon_core.package_identification:_identify(.) by extensions ['colcon_meta']
[5.067s] Level 1:colcon.colcon_core.package_identification:_identify(.) by extension 'colcon_meta'
[5.068s] Level 1:colcon.colcon_core.package_identification:_identify(.) by extensions ['ros']
[5.068s] Level 1:colcon.colcon_core.package_identification:_identify(.) by extension 'ros'
[5.146s] Level 1:colcon.colcon_core.package_identification:_identify(.) by extensions ['cmake', 'python']
[5.147s] Level 1:colcon.colcon_core.package_identification:_identify(.) by extension 'cmake'
[5.147s] Level 1:colcon.colcon_core.package_identification:_identify(.) by extension 'python'
[5.147s] Level 1:colcon.colcon_core.package_identification:_identify(.) by extensions ['python_setup_py']
[5.147s] Level 1:colcon.colcon_core.package_identification:_identify(.) by extension 'python_setup_py'
[5.147s] Level 1:colcon.colcon_core.package_identification:_identify(URDF) by extensions ['ignore', 'ignore_ament_install']
[5.148s] Level 1:colcon.colcon_core.package_identification:_identify(URDF) by extension 'ignore'
[5.148s] Level 1:colcon.colcon_core.package_identification:_identify(URDF) by extension 'ignore_ament_install'
[5.148s] Level 1:colcon.colcon_core.package_identification:_identify(URDF) by extensions ['colcon_pkg']
[5.148s] Level 1:colcon.colcon_core.package_identification:_identify(URDF) by extension 'colcon_pkg'
[5.149s] Level 1:colcon.colcon_core.package_identification:_identify(URDF) by extensions ['colcon_meta']
[5.149s] Level 1:colcon.colcon_core.package_identification:_identify(URDF) by extension 'colcon_meta'
[5.149s] Level 1:colcon.colcon_core.package_identification:_identify(URDF) by extensions ['ros']
[5.149s] Level 1:colcon.colcon_core.package_identification:_identify(URDF) by extension 'ros'
[5.149s] Level 1:colcon.colcon_core.package_identification:_identify(URDF) by extensions ['cmake', 'python']
[5.149s] Level 1:colcon.colcon_core.package_identification:_identify(URDF) by extension 'cmake'
[5.150s] Level 1:colcon.colcon_core.package_identification:_identify(URDF) by extension 'python'
[5.150s] Level 1:colcon.colcon_core.package_identification:_identify(URDF) by extensions ['python_setup_py']
[5.150s] Level 1:colcon.colcon_core.package_identification:_identify(URDF) by extension 'python_setup_py'
[5.150s] Level 1:colcon.colcon_core.package_identification:_identify(build) by extensions ['ignore', 'ignore_ament_install']
[5.150s] Level 1:colcon.colcon_core.package_identification:_identify(build) by extension 'ignore'
[5.151s] Level 1:colcon.colcon_core.package_identification:_identify(build) ignored
[5.151s] Level 1:colcon.colcon_core.package_identification:_identify(install) by extensions ['ignore', 'ignore_ament_install']
[5.151s] Level 1:colcon.colcon_core.package_identification:_identify(install) by extension 'ignore'
[5.151s] Level 1:colcon.colcon_core.package_identification:_identify(install) ignored
[5.152s] Level 1:colcon.colcon_core.package_identification:_identify(log) by extensions ['ignore', 'ignore_ament_install']
[5.152s] Level 1:colcon.colcon_core.package_identification:_identify(log) by extension 'ignore'
[5.152s] Level 1:colcon.colcon_core.package_identification:_identify(log) ignored
[5.152s] Level 1:colcon.colcon_core.package_discovery:discover_packages(recursive) using defaults
[5.152s] Level 1:colcon.colcon_core.package_discovery:discover_packages(ignore) discover
[5.152s] Level 1:colcon.colcon_core.package_discovery:discover_packages(ignore) using defaults
[5.153s] Level 1:colcon.colcon_core.package_discovery:discover_packages(path) discover
[5.153s] Level 1:colcon.colcon_core.package_discovery:discover_packages(path) using defaults
[5.544s] Level 1:colcon.colcon_core.package_discovery:discover_packages(prefix_path) check parameters
[5.545s] Level 1:colcon.colcon_core.package_discovery:discover_packages(prefix_path) discover
[5.555s] WARNING:colcon.colcon_ros.prefix_path.ament:The path '/home/prudy/aurora-robotics-core-1.0/ROS2-Rviz/install/mobile-robot-pkg' in the environment variable AMENT_PREFIX_PATH doesn't exist
[5.818s] DEBUG:colcon.colcon_installed_package_information.package_discovery:Found 0 installed packages in /home/prudy/aurora-robotics-core-1.0/ROS2-Rviz/install
[5.821s] DEBUG:colcon.colcon_installed_package_information.package_discovery:Found 1 installed packages in /home/prudy/turtle_ws/install
[5.824s] DEBUG:colcon.colcon_installed_package_information.package_discovery:Found 3 installed packages in /home/prudy/ros2_ws/install
[5.826s] DEBUG:colcon.colcon_installed_package_information.package_discovery:Found 3 installed packages in /home/prudy/ros2_ws/src/install
[5.832s] DEBUG:colcon.colcon_installed_package_information.package_discovery:Found 276 installed packages in /opt/ros/humble
[5.840s] Level 1:colcon.colcon_core.package_discovery:discover_packages(prefix_path) using defaults
[6.260s] INFO:colcon.colcon_core.executor:Executing jobs using 'parallel' executor
[6.262s] DEBUG:colcon.colcon_parallel_executor.executor.parallel:run_until_complete
[6.262s] DEBUG:colcon.colcon_parallel_executor.executor.parallel:closing loop
[6.263s] DEBUG:colcon.colcon_parallel_executor.executor.parallel:loop closed
[6.263s] DEBUG:colcon.colcon_parallel_executor.executor.parallel:run_until_complete finished with '0'
[6.264s] DEBUG:colcon.colcon_core.event_reactor:joining thread
[6.317s] INFO:colcon.colcon_core.plugin_system:Skipping extension 'colcon_notification.desktop_notification.terminal_notifier': Not used on non-Darwin systems
[6.317s] INFO:colcon.colcon_core.plugin_system:Skipping extension 'colcon_notification.desktop_notification.win32': Not used on non-Windows systems
[6.317s] INFO:colcon.colcon_notification.desktop_notification:Sending desktop notification using 'notify2'
[6.384s] DEBUG:colcon.colcon_core.event_reactor:joined thread
[6.468s] INFO:colcon.colcon_core.plugin_system:Skipping extension 'colcon_core.shell.bat': Not used on non-Windows systems
[6.469s] INFO:colcon.colcon_core.shell:Creating prefix script '/home/prudy/aurora-robotics-core-1.0/ROS2-Rviz/install/local_setup.ps1'
[6.483s] INFO:colcon.colcon_core.shell:Creating prefix util module '/home/prudy/aurora-robotics-core-1.0/ROS2-Rviz/install/_local_setup_util_ps1.py'
[6.493s] INFO:colcon.colcon_core.shell:Creating prefix chain script '/home/prudy/aurora-robotics-core-1.0/ROS2-Rviz/install/setup.ps1'
[6.498s] INFO:colcon.colcon_core.shell:Creating prefix script '/home/prudy/aurora-robotics-core-1.0/ROS2-Rviz/install/local_setup.sh'
[6.501s] INFO:colcon.colcon_core.shell:Creating prefix util module '/home/prudy/aurora-robotics-core-1.0/ROS2-Rviz/install/_local_setup_util_sh.py'
[6.503s] INFO:colcon.colcon_core.shell:Creating prefix chain script '/home/prudy/aurora-robotics-core-1.0/ROS2-Rviz/install/setup.sh'
[6.507s] INFO:colcon.colcon_core.shell:Creating prefix script '/home/prudy/aurora-robotics-core-1.0/ROS2-Rviz/install/local_setup.bash'
[6.516s] INFO:colcon.colcon_core.shell:Creating prefix chain script '/home/prudy/aurora-robotics-core-1.0/ROS2-Rviz/install/setup.bash'
[6.523s] INFO:colcon.colcon_core.shell:Creating prefix script '/home/prudy/aurora-robotics-core-1.0/ROS2-Rviz/install/local_setup.zsh'
[6.527s] INFO:colcon.colcon_core.shell:Creating prefix chain script '/home/prudy/aurora-robotics-core-1.0/ROS2-Rviz/install/setup.zsh'
